# JRE version: OpenJDK Runtime Environment (8.0_242-b01) (build 1.8.0_242-release-1644-b01)
# Java VM: OpenJDK 64-Bit Server VM (25.242-b01 mixed mode windows-amd64 compressed oops)
Heap:
 PSYoungGen      total 320000K, used 182820K [0x00000000e0000000, 0x00000000faa00000, 0x0000000100000000)
  eden space 299520K, 61% used [0x00000000e0000000,0x00000000eb289288,0x00000000f2480000)
  from space 20480K, 0% used [0x00000000f2480000,0x00000000f2480000,0x00000000f3880000)
  to   space 23552K, 0% used [0x00000000f9300000,0x00000000f9300000,0x00000000faa00000)
 ParOldGen       total 152064K, used 35152K [0x00000000a0000000, 0x00000000a9480000, 0x00000000e0000000)
  object space 152064K, 23% used [0x00000000a0000000,0x00000000a2254118,0x00000000a9480000)
 Metaspace       used 61213K, capacity 63388K, committed 63488K, reserved 1103872K
  class space    used 8353K, capacity 8887K, committed 8960K, reserved 1048576K
GC Heap History (10 events):
Event: 6.288 GC heap before
{Heap before GC invocations=8 (full 1):
 PSYoungGen      total 186880K, used 108915K [0x00000000e0000000, 0x00000000ed600000, 0x0000000100000000)
  eden space 176128K, 55% used [0x00000000e0000000,0x00000000e5ff4bf8,0x00000000eac00000)
  from space 10752K, 99% used [0x00000000ecb80000,0x00000000ed5e82a0,0x00000000ed600000)
  to   space 12800K, 0% used [0x00000000ebd00000,0x00000000ebd00000,0x00000000ec980000)
 ParOldGen       total 68608K, used 7834K [0x00000000a0000000, 0x00000000a4300000, 0x00000000e0000000)
  object space 68608K, 11% used [0x00000000a0000000,0x00000000a07a6980,0x00000000a4300000)
 Metaspace       used 34624K, capacity 35428K, committed 35496K, reserved 1079296K
  class space    used 4751K, capacity 4959K, committed 4992K, reserved 1048576K
Event: 6.311 GC heap after
Heap after GC invocations=8 (full 1):
 PSYoungGen      total 206336K, used 12775K [0x00000000e0000000, 0x00000000f4c80000, 0x0000000100000000)
  eden space 193536K, 0% used [0x00000000e0000000,0x00000000e0000000,0x00000000ebd00000)
  from space 12800K, 99% used [0x00000000ebd00000,0x00000000ec979ec8,0x00000000ec980000)
  to   space 14848K, 0% used [0x00000000f3e00000,0x00000000f3e00000,0x00000000f4c80000)
 ParOldGen       total 68608K, used 8117K [0x00000000a0000000, 0x00000000a4300000, 0x00000000e0000000)
  object space 68608K, 11% used [0x00000000a0000000,0x00000000a07ed540,0x00000000a4300000)
 Metaspace       used 34624K, capacity 35428K, committed 35496K, reserved 1079296K
  class space    used 4751K, capacity 4959K, committed 4992K, reserved 1048576K
}
Event: 6.311 GC heap before
{Heap before GC invocations=9 (full 2):
 PSYoungGen      total 206336K, used 12775K [0x00000000e0000000, 0x00000000f4c80000, 0x0000000100000000)
  eden space 193536K, 0% used [0x00000000e0000000,0x00000000e0000000,0x00000000ebd00000)
  from space 12800K, 99% used [0x00000000ebd00000,0x00000000ec979ec8,0x00000000ec980000)
  to   space 14848K, 0% used [0x00000000f3e00000,0x00000000f3e00000,0x00000000f4c80000)
 ParOldGen       total 68608K, used 8117K [0x00000000a0000000, 0x00000000a4300000, 0x00000000e0000000)
  object space 68608K, 11% used [0x00000000a0000000,0x00000000a07ed540,0x00000000a4300000)
 Metaspace       used 34624K, capacity 35428K, committed 35496K, reserved 1079296K
  class space    used 4751K, capacity 4959K, committed 4992K, reserved 1048576K
Event: 6.448 GC heap after
Heap after GC invocations=9 (full 2):
 PSYoungGen      total 206336K, used 0K [0x00000000e0000000, 0x00000000f4c80000, 0x0000000100000000)
  eden space 193536K, 0% used [0x00000000e0000000,0x00000000e0000000,0x00000000ebd00000)
  from space 12800K, 0% used [0x00000000ebd00000,0x00000000ebd00000,0x00000000ec980000)
  to   space 14848K, 0% used [0x00000000f3e00000,0x00000000f3e00000,0x00000000f4c80000)
 ParOldGen       total 105984K, used 19591K [0x00000000a0000000, 0x00000000a6780000, 0x00000000e0000000)
  object space 105984K, 18% used [0x00000000a0000000,0x00000000a1321d08,0x00000000a6780000)
 Metaspace       used 34622K, capacity 35422K, committed 35496K, reserved 1079296K
  class space    used 4750K, capacity 4958K, committed 4992K, reserved 1048576K
}
Event: 10.408 GC heap before
{Heap before GC invocations=10 (full 2):
 PSYoungGen      total 206336K, used 193536K [0x00000000e0000000, 0x00000000f4c80000, 0x0000000100000000)
  eden space 193536K, 100% used [0x00000000e0000000,0x00000000ebd00000,0x00000000ebd00000)
  from space 12800K, 0% used [0x00000000ebd00000,0x00000000ebd00000,0x00000000ec980000)
  to   space 14848K, 0% used [0x00000000f3e00000,0x00000000f3e00000,0x00000000f4c80000)
 ParOldGen       total 105984K, used 19591K [0x00000000a0000000, 0x00000000a6780000, 0x00000000e0000000)
  object space 105984K, 18% used [0x00000000a0000000,0x00000000a1321d08,0x00000000a6780000)
 Metaspace       used 52873K, capacity 54558K, committed 54784K, reserved 1095680K
  class space    used 7237K, capacity 7642K, committed 7680K, reserved 1048576K
Event: 10.434 GC heap after
Heap after GC invocations=10 (full 2):
 PSYoungGen      total 304640K, used 14833K [0x00000000e0000000, 0x00000000f4c80000, 0x0000000100000000)
  eden space 289792K, 0% used [0x00000000e0000000,0x00000000e0000000,0x00000000f1b00000)
  from space 14848K, 99% used [0x00000000f3e00000,0x00000000f4c7c490,0x00000000f4c80000)
  to   space 20480K, 0% used [0x00000000f2480000,0x00000000f2480000,0x00000000f3880000)
 ParOldGen       total 105984K, used 28650K [0x00000000a0000000, 0x00000000a6780000, 0x00000000e0000000)
  object space 105984K, 27% used [0x00000000a0000000,0x00000000a1bfabc8,0x00000000a6780000)
 Metaspace       used 52873K, capacity 54558K, committed 54784K, reserved 1095680K
  class space    used 7237K, capacity 7642K, committed 7680K, reserved 1048576K
}
Event: 12.007 GC heap before
{Heap before GC invocations=11 (full 2):
 PSYoungGen      total 304640K, used 93484K [0x00000000e0000000, 0x00000000f4c80000, 0x0000000100000000)
  eden space 289792K, 27% used [0x00000000e0000000,0x00000000e4cceea8,0x00000000f1b00000)
  from space 14848K, 99% used [0x00000000f3e00000,0x00000000f4c7c490,0x00000000f4c80000)
  to   space 20480K, 0% used [0x00000000f2480000,0x00000000f2480000,0x00000000f3880000)
 ParOldGen       total 105984K, used 28650K [0x00000000a0000000, 0x00000000a6780000, 0x00000000e0000000)
  object space 105984K, 27% used [0x00000000a0000000,0x00000000a1bfabc8,0x00000000a6780000)
 Metaspace       used 57187K, capacity 59046K, committed 59160K, reserved 1099776K
  class space    used 7874K, capacity 8336K, committed 8448K, reserved 1048576K
Event: 12.124 GC heap after
Heap after GC invocations=11 (full 2):
 PSYoungGen      total 320000K, used 19900K [0x00000000e0000000, 0x00000000faa00000, 0x0000000100000000)
  eden space 299520K, 0% used [0x00000000e0000000,0x00000000e0000000,0x00000000f2480000)
  from space 20480K, 97% used [0x00000000f2480000,0x00000000f37ef390,0x00000000f3880000)
  to   space 23552K, 0% used [0x00000000f9300000,0x00000000f9300000,0x00000000faa00000)
 ParOldGen       total 105984K, used 28658K [0x00000000a0000000, 0x00000000a6780000, 0x00000000e0000000)
  object space 105984K, 27% used [0x00000000a0000000,0x00000000a1bfcbc8,0x00000000a6780000)
 Metaspace       used 57187K, capacity 59046K, committed 59160K, reserved 1099776K
  class space    used 7874K, capacity 8336K, committed 8448K, reserved 1048576K
}
Event: 12.124 GC heap before
{Heap before GC invocations=12 (full 3):
 PSYoungGen      total 320000K, used 19900K [0x00000000e0000000, 0x00000000faa00000, 0x0000000100000000)
  eden space 299520K, 0% used [0x00000000e0000000,0x00000000e0000000,0x00000000f2480000)
  from space 20480K, 97% used [0x00000000f2480000,0x00000000f37ef390,0x00000000f3880000)
  to   space 23552K, 0% used [0x00000000f9300000,0x00000000f9300000,0x00000000faa00000)
 ParOldGen       total 105984K, used 28658K [0x00000000a0000000, 0x00000000a6780000, 0x00000000e0000000)
  object space 105984K, 27% used [0x00000000a0000000,0x00000000a1bfcbc8,0x00000000a6780000)
 Metaspace       used 57187K, capacity 59046K, committed 59160K, reserved 1099776K
  class space    used 7874K, capacity 8336K, committed 8448K, reserved 1048576K
Event: 12.567 GC heap after
Heap after GC invocations=12 (full 3):
 PSYoungGen      total 320000K, used 0K [0x00000000e0000000, 0x00000000faa00000, 0x0000000100000000)
  eden space 299520K, 0% used [0x00000000e0000000,0x00000000e0000000,0x00000000f2480000)
  from space 20480K, 0% used [0x00000000f2480000,0x00000000f2480000,0x00000000f3880000)
  to   space 23552K, 0% used [0x00000000f9300000,0x00000000f9300000,0x00000000faa00000)
 ParOldGen       total 152064K, used 35152K [0x00000000a0000000, 0x00000000a9480000, 0x00000000e0000000)
  object space 152064K, 23% used [0x00000000a0000000,0x00000000a2254118,0x00000000a9480000)
 Metaspace       used 57183K, capacity 59034K, committed 59160K, reserved 1099776K
  class space    used 7873K, capacity 8334K, committed 8448K, reserved 1048576K
}

