# JRE version: OpenJDK Runtime Environment (8.0_242-b01) (build 1.8.0_242-release-1644-b01)
# Java VM: OpenJDK 64-Bit Server VM (25.242-b01 mixed mode windows-amd64 compressed oops)
Heap:
 PSYoungGen      total 464384K, used 66545K [0x00000000e0000000, 0x0000000100000000, 0x0000000100000000)
  eden space 406528K, 16% used [0x00000000e0000000,0x00000000e40fc7f8,0x00000000f8d00000)
  from space 57856K, 0% used [0x00000000f8d00000,0x00000000f8d00000,0x00000000fc580000)
  to   space 59904K, 0% used [0x00000000fc580000,0x00000000fc580000,0x0000000100000000)
 ParOldGen       total 261632K, used 72468K [0x00000000a0000000, 0x00000000aff80000, 0x00000000e0000000)
  object space 261632K, 27% used [0x00000000a0000000,0x00000000a46c5168,0x00000000aff80000)
 Metaspace       used 94657K, capacity 98670K, committed 99200K, reserved 1136640K
  class space    used 11974K, capacity 12788K, committed 12928K, reserved 1048576K
GC Heap History (10 events):
Event: 435.735 GC heap before
{Heap before GC invocations=19 (full 3):
 PSYoungGen      total 473088K, used 459303K [0x00000000e0000000, 0x0000000100000000, 0x0000000100000000)
  eden space 431616K, 99% used [0x00000000e0000000,0x00000000fa3ba2f8,0x00000000fa580000)
  from space 41472K, 71% used [0x00000000fa580000,0x00000000fc24f910,0x00000000fce00000)
  to   space 43008K, 0% used [0x00000000fd600000,0x00000000fd600000,0x0000000100000000)
 ParOldGen       total 159232K, used 47676K [0x00000000a0000000, 0x00000000a9b80000, 0x00000000e0000000)
  object space 159232K, 29% used [0x00000000a0000000,0x00000000a2e8f2d0,0x00000000a9b80000)
 Metaspace       used 87771K, capacity 91308K, committed 91520K, reserved 1128448K
  class space    used 11056K, capacity 11787K, committed 11904K, reserved 1048576K
Event: 435.830 GC heap after
Heap after GC invocations=19 (full 3):
 PSYoungGen      total 448512K, used 42988K [0x00000000e0000000, 0x0000000100000000, 0x0000000100000000)
  eden space 405504K, 0% used [0x00000000e0000000,0x00000000e0000000,0x00000000f8c00000)
  from space 43008K, 99% used [0x00000000fd600000,0x00000000ffffb2c0,0x0000000100000000)
  to   space 59392K, 0% used [0x00000000f8c00000,0x00000000f8c00000,0x00000000fc600000)
 ParOldGen       total 159232K, used 74993K [0x00000000a0000000, 0x00000000a9b80000, 0x00000000e0000000)
  object space 159232K, 47% used [0x00000000a0000000,0x00000000a493c428,0x00000000a9b80000)
 Metaspace       used 87771K, capacity 91308K, committed 91520K, reserved 1128448K
  class space    used 11056K, capacity 11787K, committed 11904K, reserved 1048576K
}
Event: 598.470 GC heap before
{Heap before GC invocations=20 (full 3):
 PSYoungGen      total 448512K, used 448492K [0x00000000e0000000, 0x0000000100000000, 0x0000000100000000)
  eden space 405504K, 100% used [0x00000000e0000000,0x00000000f8c00000,0x00000000f8c00000)
  from space 43008K, 99% used [0x00000000fd600000,0x00000000ffffb2c0,0x0000000100000000)
  to   space 59392K, 0% used [0x00000000f8c00000,0x00000000f8c00000,0x00000000fc600000)
 ParOldGen       total 159232K, used 74993K [0x00000000a0000000, 0x00000000a9b80000, 0x00000000e0000000)
  object space 159232K, 47% used [0x00000000a0000000,0x00000000a493c428,0x00000000a9b80000)
 Metaspace       used 92336K, capacity 96486K, committed 96640K, reserved 1132544K
  class space    used 11795K, capacity 12628K, committed 12672K, reserved 1048576K
Event: 598.532 GC heap after
Heap after GC invocations=20 (full 3):
 PSYoungGen      total 464896K, used 30856K [0x00000000e0000000, 0x0000000100000000, 0x0000000100000000)
  eden space 405504K, 0% used [0x00000000e0000000,0x00000000e0000000,0x00000000f8c00000)
  from space 59392K, 51% used [0x00000000f8c00000,0x00000000faa222c0,0x00000000fc600000)
  to   space 58368K, 0% used [0x00000000fc700000,0x00000000fc700000,0x0000000100000000)
 ParOldGen       total 159232K, used 88032K [0x00000000a0000000, 0x00000000a9b80000, 0x00000000e0000000)
  object space 159232K, 55% used [0x00000000a0000000,0x00000000a55f81f8,0x00000000a9b80000)
 Metaspace       used 92336K, capacity 96486K, committed 96640K, reserved 1132544K
  class space    used 11795K, capacity 12628K, committed 12672K, reserved 1048576K
}
Event: 604.263 GC heap before
{Heap before GC invocations=21 (full 3):
 PSYoungGen      total 464896K, used 436360K [0x00000000e0000000, 0x0000000100000000, 0x0000000100000000)
  eden space 405504K, 100% used [0x00000000e0000000,0x00000000f8c00000,0x00000000f8c00000)
  from space 59392K, 51% used [0x00000000f8c00000,0x00000000faa222c0,0x00000000fc600000)
  to   space 58368K, 0% used [0x00000000fc700000,0x00000000fc700000,0x0000000100000000)
 ParOldGen       total 159232K, used 88032K [0x00000000a0000000, 0x00000000a9b80000, 0x00000000e0000000)
  object space 159232K, 55% used [0x00000000a0000000,0x00000000a55f81f8,0x00000000a9b80000)
 Metaspace       used 93115K, capacity 97262K, committed 97536K, reserved 1134592K
  class space    used 11880K, capacity 12706K, committed 12800K, reserved 1048576K
Event: 604.312 GC heap after
Heap after GC invocations=21 (full 3):
 PSYoungGen      total 462848K, used 33837K [0x00000000e0000000, 0x00000000ffe00000, 0x0000000100000000)
  eden space 406528K, 0% used [0x00000000e0000000,0x00000000e0000000,0x00000000f8d00000)
  from space 56320K, 60% used [0x00000000fc700000,0x00000000fe80b6a0,0x00000000ffe00000)
  to   space 57856K, 0% used [0x00000000f8d00000,0x00000000f8d00000,0x00000000fc580000)
 ParOldGen       total 159232K, used 88040K [0x00000000a0000000, 0x00000000a9b80000, 0x00000000e0000000)
  object space 159232K, 55% used [0x00000000a0000000,0x00000000a55fa1f8,0x00000000a9b80000)
 Metaspace       used 93115K, capacity 97262K, committed 97536K, reserved 1134592K
  class space    used 11880K, capacity 12706K, committed 12800K, reserved 1048576K
}
Event: 608.098 GC heap before
{Heap before GC invocations=22 (full 3):
 PSYoungGen      total 462848K, used 160159K [0x00000000e0000000, 0x00000000ffe00000, 0x0000000100000000)
  eden space 406528K, 31% used [0x00000000e0000000,0x00000000e7b5c6a0,0x00000000f8d00000)
  from space 56320K, 60% used [0x00000000fc700000,0x00000000fe80b6a0,0x00000000ffe00000)
  to   space 57856K, 0% used [0x00000000f8d00000,0x00000000f8d00000,0x00000000fc580000)
 ParOldGen       total 159232K, used 88040K [0x00000000a0000000, 0x00000000a9b80000, 0x00000000e0000000)
  object space 159232K, 55% used [0x00000000a0000000,0x00000000a55fa1f8,0x00000000a9b80000)
 Metaspace       used 94145K, capacity 98368K, committed 98496K, reserved 1134592K
  class space    used 11994K, capacity 12841K, committed 12928K, reserved 1048576K
Event: 608.168 GC heap after
Heap after GC invocations=22 (full 3):
 PSYoungGen      total 464384K, used 40060K [0x00000000e0000000, 0x0000000100000000, 0x0000000100000000)
  eden space 406528K, 0% used [0x00000000e0000000,0x00000000e0000000,0x00000000f8d00000)
  from space 57856K, 69% used [0x00000000f8d00000,0x00000000fb41f170,0x00000000fc580000)
  to   space 59904K, 0% used [0x00000000fc580000,0x00000000fc580000,0x0000000100000000)
 ParOldGen       total 159232K, used 88048K [0x00000000a0000000, 0x00000000a9b80000, 0x00000000e0000000)
  object space 159232K, 55% used [0x00000000a0000000,0x00000000a55fc1f8,0x00000000a9b80000)
 Metaspace       used 94145K, capacity 98368K, committed 98496K, reserved 1134592K
  class space    used 11994K, capacity 12841K, committed 12928K, reserved 1048576K
}
Event: 608.168 GC heap before
{Heap before GC invocations=23 (full 4):
 PSYoungGen      total 464384K, used 40060K [0x00000000e0000000, 0x0000000100000000, 0x0000000100000000)
  eden space 406528K, 0% used [0x00000000e0000000,0x00000000e0000000,0x00000000f8d00000)
  from space 57856K, 69% used [0x00000000f8d00000,0x00000000fb41f170,0x00000000fc580000)
  to   space 59904K, 0% used [0x00000000fc580000,0x00000000fc580000,0x0000000100000000)
 ParOldGen       total 159232K, used 88048K [0x00000000a0000000, 0x00000000a9b80000, 0x00000000e0000000)
  object space 159232K, 55% used [0x00000000a0000000,0x00000000a55fc1f8,0x00000000a9b80000)
 Metaspace       used 94145K, capacity 98368K, committed 98496K, reserved 1134592K
  class space    used 11994K, capacity 12841K, committed 12928K, reserved 1048576K
Event: 608.643 GC heap after
Heap after GC invocations=23 (full 4):
 PSYoungGen      total 464384K, used 0K [0x00000000e0000000, 0x0000000100000000, 0x0000000100000000)
  eden space 406528K, 0% used [0x00000000e0000000,0x00000000e0000000,0x00000000f8d00000)
  from space 57856K, 0% used [0x00000000f8d00000,0x00000000f8d00000,0x00000000fc580000)
  to   space 59904K, 0% used [0x00000000fc580000,0x00000000fc580000,0x0000000100000000)
 ParOldGen       total 261632K, used 72468K [0x00000000a0000000, 0x00000000aff80000, 0x00000000e0000000)
  object space 261632K, 27% used [0x00000000a0000000,0x00000000a46c5168,0x00000000aff80000)
 Metaspace       used 93955K, capacity 97860K, committed 98496K, reserved 1134592K
  class space    used 11932K, capacity 12731K, committed 12928K, reserved 1048576K
}

