# JRE version: OpenJDK Runtime Environment (8.0_242-b01) (build 1.8.0_242-release-1644-b01)
# Java VM: OpenJDK 64-Bit Server VM (25.242-b01 mixed mode windows-amd64 compressed oops)
Heap:
 PSYoungGen      total 435712K, used 155670K [0x00000000e0000000, 0x0000000100000000, 0x0000000100000000)
  eden space 347136K, 19% used [0x00000000e0000000,0x00000000e4186b10,0x00000000f5300000)
  from space 88576K, 99% used [0x00000000f5300000,0x00000000fa97ef70,0x00000000fa980000)
  to   space 88576K, 0% used [0x00000000fa980000,0x00000000fa980000,0x0000000100000000)
 ParOldGen       total 254464K, used 137756K [0x00000000a0000000, 0x00000000af880000, 0x00000000e0000000)
  object space 254464K, 54% used [0x00000000a0000000,0x00000000a86873e8,0x00000000af880000)
 Metaspace       used 100206K, capacity 107046K, committed 107352K, reserved 1142784K
  class space    used 12686K, capacity 13848K, committed 13912K, reserved 1048576K
GC Heap History (10 events):
Event: 8518.511 GC heap before
{Heap before GC invocations=29 (full 4):
 PSYoungGen      total 451072K, used 401917K [0x00000000e0000000, 0x0000000100000000, 0x0000000100000000)
  eden space 373248K, 100% used [0x00000000e0000000,0x00000000f6c80000,0x00000000f6c80000)
  from space 77824K, 36% used [0x00000000fb400000,0x00000000fcfff6b0,0x0000000100000000)
  to   space 73216K, 0% used [0x00000000f6c80000,0x00000000f6c80000,0x00000000fb400000)
 ParOldGen       total 254464K, used 98056K [0x00000000a0000000, 0x00000000af880000, 0x00000000e0000000)
  object space 254464K, 38% used [0x00000000a0000000,0x00000000a5fc2338,0x00000000af880000)
 Metaspace       used 95036K, capacity 99984K, committed 100184K, reserved 1136640K
  class space    used 12104K, capacity 13021K, committed 13144K, reserved 1048576K
Event: 8518.563 GC heap after
Heap after GC invocations=29 (full 4):
 PSYoungGen      total 405504K, used 32045K [0x00000000e0000000, 0x00000000ff480000, 0x0000000100000000)
  eden space 373248K, 0% used [0x00000000e0000000,0x00000000e0000000,0x00000000f6c80000)
  from space 32256K, 99% used [0x00000000f6c80000,0x00000000f8bcb6b8,0x00000000f8c00000)
  to   space 69632K, 0% used [0x00000000fb080000,0x00000000fb080000,0x00000000ff480000)
 ParOldGen       total 254464K, used 98064K [0x00000000a0000000, 0x00000000af880000, 0x00000000e0000000)
  object space 254464K, 38% used [0x00000000a0000000,0x00000000a5fc4338,0x00000000af880000)
 Metaspace       used 95036K, capacity 99984K, committed 100184K, reserved 1136640K
  class space    used 12104K, capacity 13021K, committed 13144K, reserved 1048576K
}
Event: 8521.995 GC heap before
{Heap before GC invocations=30 (full 4):
 PSYoungGen      total 405504K, used 405293K [0x00000000e0000000, 0x00000000ff480000, 0x0000000100000000)
  eden space 373248K, 100% used [0x00000000e0000000,0x00000000f6c80000,0x00000000f6c80000)
  from space 32256K, 99% used [0x00000000f6c80000,0x00000000f8bcb6b8,0x00000000f8c00000)
  to   space 69632K, 0% used [0x00000000fb080000,0x00000000fb080000,0x00000000ff480000)
 ParOldGen       total 254464K, used 98064K [0x00000000a0000000, 0x00000000af880000, 0x00000000e0000000)
  object space 254464K, 38% used [0x00000000a0000000,0x00000000a5fc4338,0x00000000af880000)
 Metaspace       used 95452K, capacity 100398K, committed 100696K, reserved 1136640K
  class space    used 12126K, capacity 13024K, committed 13144K, reserved 1048576K
Event: 8522.391 GC heap after
Heap after GC invocations=30 (full 4):
 PSYoungGen      total 423936K, used 69608K [0x00000000e0000000, 0x0000000100000000, 0x0000000100000000)
  eden space 354304K, 0% used [0x00000000e0000000,0x00000000e0000000,0x00000000f5a00000)
  from space 69632K, 99% used [0x00000000fb080000,0x00000000ff47a2c8,0x00000000ff480000)
  to   space 84992K, 0% used [0x00000000f5a00000,0x00000000f5a00000,0x00000000fad00000)
 ParOldGen       total 254464K, used 111434K [0x00000000a0000000, 0x00000000af880000, 0x00000000e0000000)
  object space 254464K, 43% used [0x00000000a0000000,0x00000000a6cd2b08,0x00000000af880000)
 Metaspace       used 95452K, capacity 100398K, committed 100696K, reserved 1136640K
  class space    used 12126K, capacity 13024K, committed 13144K, reserved 1048576K
}
Event: 8606.408 GC heap before
{Heap before GC invocations=31 (full 4):
 PSYoungGen      total 423936K, used 423912K [0x00000000e0000000, 0x0000000100000000, 0x0000000100000000)
  eden space 354304K, 100% used [0x00000000e0000000,0x00000000f5a00000,0x00000000f5a00000)
  from space 69632K, 99% used [0x00000000fb080000,0x00000000ff47a2c8,0x00000000ff480000)
  to   space 84992K, 0% used [0x00000000f5a00000,0x00000000f5a00000,0x00000000fad00000)
 ParOldGen       total 254464K, used 111434K [0x00000000a0000000, 0x00000000af880000, 0x00000000e0000000)
  object space 254464K, 43% used [0x00000000a0000000,0x00000000a6cd2b08,0x00000000af880000)
 Metaspace       used 97308K, capacity 103766K, committed 103896K, reserved 1140736K
  class space    used 12399K, capacity 13500K, committed 13528K, reserved 1048576K
Event: 8606.542 GC heap after
Heap after GC invocations=31 (full 4):
 PSYoungGen      total 410112K, used 55698K [0x00000000e0000000, 0x0000000100000000, 0x0000000100000000)
  eden space 354304K, 0% used [0x00000000e0000000,0x00000000e0000000,0x00000000f5a00000)
  from space 55808K, 99% used [0x00000000f5a00000,0x00000000f9064be8,0x00000000f9080000)
  to   space 87552K, 0% used [0x00000000faa80000,0x00000000faa80000,0x0000000100000000)
 ParOldGen       total 254464K, used 111754K [0x00000000a0000000, 0x00000000af880000, 0x00000000e0000000)
  object space 254464K, 43% used [0x00000000a0000000,0x00000000a6d22b18,0x00000000af880000)
 Metaspace       used 97308K, capacity 103766K, committed 103896K, reserved 1140736K
  class space    used 12399K, capacity 13500K, committed 13528K, reserved 1048576K
}
Event: 8615.363 GC heap before
{Heap before GC invocations=32 (full 4):
 PSYoungGen      total 410112K, used 410002K [0x00000000e0000000, 0x0000000100000000, 0x0000000100000000)
  eden space 354304K, 100% used [0x00000000e0000000,0x00000000f5a00000,0x00000000f5a00000)
  from space 55808K, 99% used [0x00000000f5a00000,0x00000000f9064be8,0x00000000f9080000)
  to   space 87552K, 0% used [0x00000000faa80000,0x00000000faa80000,0x0000000100000000)
 ParOldGen       total 254464K, used 111754K [0x00000000a0000000, 0x00000000af880000, 0x00000000e0000000)
  object space 254464K, 43% used [0x00000000a0000000,0x00000000a6d22b18,0x00000000af880000)
 Metaspace       used 99912K, capacity 106564K, committed 106712K, reserved 1142784K
  class space    used 12650K, capacity 13781K, committed 13784K, reserved 1048576K
Event: 8615.465 GC heap after
Heap after GC invocations=32 (full 4):
 PSYoungGen      total 434688K, used 54637K [0x00000000e0000000, 0x0000000100000000, 0x0000000100000000)
  eden space 347136K, 0% used [0x00000000e0000000,0x00000000e0000000,0x00000000f5300000)
  from space 87552K, 62% used [0x00000000faa80000,0x00000000fdfdb478,0x0000000100000000)
  to   space 88576K, 0% used [0x00000000f5300000,0x00000000f5300000,0x00000000fa980000)
 ParOldGen       total 254464K, used 111850K [0x00000000a0000000, 0x00000000af880000, 0x00000000e0000000)
  object space 254464K, 43% used [0x00000000a0000000,0x00000000a6d3ab18,0x00000000af880000)
 Metaspace       used 99912K, capacity 106564K, committed 106712K, reserved 1142784K
  class space    used 12650K, capacity 13781K, committed 13784K, reserved 1048576K
}
Event: 8619.226 GC heap before
{Heap before GC invocations=33 (full 4):
 PSYoungGen      total 434688K, used 401773K [0x00000000e0000000, 0x0000000100000000, 0x0000000100000000)
  eden space 347136K, 100% used [0x00000000e0000000,0x00000000f5300000,0x00000000f5300000)
  from space 87552K, 62% used [0x00000000faa80000,0x00000000fdfdb478,0x0000000100000000)
  to   space 88576K, 0% used [0x00000000f5300000,0x00000000f5300000,0x00000000fa980000)
 ParOldGen       total 254464K, used 111850K [0x00000000a0000000, 0x00000000af880000, 0x00000000e0000000)
  object space 254464K, 43% used [0x00000000a0000000,0x00000000a6d3ab18,0x00000000af880000)
 Metaspace       used 100025K, capacity 106710K, committed 106840K, reserved 1142784K
  class space    used 12656K, capacity 13792K, committed 13912K, reserved 1048576K
Event: 8619.447 GC heap after
Heap after GC invocations=33 (full 4):
 PSYoungGen      total 435712K, used 88571K [0x00000000e0000000, 0x0000000100000000, 0x0000000100000000)
  eden space 347136K, 0% used [0x00000000e0000000,0x00000000e0000000,0x00000000f5300000)
  from space 88576K, 99% used [0x00000000f5300000,0x00000000fa97ef70,0x00000000fa980000)
  to   space 88576K, 0% used [0x00000000fa980000,0x00000000fa980000,0x0000000100000000)
 ParOldGen       total 254464K, used 137756K [0x00000000a0000000, 0x00000000af880000, 0x00000000e0000000)
  object space 254464K, 54% used [0x00000000a0000000,0x00000000a86873e8,0x00000000af880000)
 Metaspace       used 100025K, capacity 106710K, committed 106840K, reserved 1142784K
  class space    used 12656K, capacity 13792K, committed 13912K, reserved 1048576K
}

