# JRE version: OpenJDK Runtime Environment (8.0_242-b01) (build 1.8.0_242-release-1644-b01)
# Java VM: OpenJDK 64-Bit Server VM (25.242-b01 mixed mode windows-amd64 compressed oops)
Heap:
 PSYoungGen      total 153088K, used 112265K [0x00000000e0000000, 0x00000000ec400000, 0x0000000100000000)
  eden space 140288K, 70% used [0x00000000e0000000,0x00000000e61249f0,0x00000000e8900000)
  from space 12800K, 99% used [0x00000000e8900000,0x00000000e957daf0,0x00000000e9580000)
  to   space 16384K, 0% used [0x00000000eb400000,0x00000000eb400000,0x00000000ec400000)
 ParOldGen       total 124928K, used 22821K [0x00000000a0000000, 0x00000000a7a00000, 0x00000000e0000000)
  object space 124928K, 18% used [0x00000000a0000000,0x00000000a1649400,0x00000000a7a00000)
 Metaspace       used 55949K, capacity 57692K, committed 57856K, reserved 1099776K
  class space    used 7701K, capacity 8117K, committed 8192K, reserved 1048576K
GC Heap History (10 events):
Event: 9.675 GC heap before
{Heap before GC invocations=7 (full 1):
 PSYoungGen      total 57344K, used 49152K [0x00000000e0000000, 0x00000000e7700000, 0x0000000100000000)
  eden space 49152K, 100% used [0x00000000e0000000,0x00000000e3000000,0x00000000e3000000)
  from space 8192K, 0% used [0x00000000e3000000,0x00000000e3000000,0x00000000e3800000)
  to   space 11776K, 0% used [0x00000000e6b80000,0x00000000e6b80000,0x00000000e7700000)
 ParOldGen       total 73728K, used 7857K [0x00000000a0000000, 0x00000000a4800000, 0x00000000e0000000)
  object space 73728K, 10% used [0x00000000a0000000,0x00000000a07ac7a0,0x00000000a4800000)
 Metaspace       used 27634K, capacity 28088K, committed 28288K, reserved 1073152K
  class space    used 3767K, capacity 3937K, committed 3968K, reserved 1048576K
Event: 9.687 GC heap after
Heap after GC invocations=7 (full 1):
 PSYoungGen      total 90624K, used 6923K [0x00000000e0000000, 0x00000000e7280000, 0x0000000100000000)
  eden space 83456K, 0% used [0x00000000e0000000,0x00000000e0000000,0x00000000e5180000)
  from space 7168K, 96% used [0x00000000e6b80000,0x00000000e7242c28,0x00000000e7280000)
  to   space 11264K, 0% used [0x00000000e5c80000,0x00000000e5c80000,0x00000000e6780000)
 ParOldGen       total 73728K, used 7865K [0x00000000a0000000, 0x00000000a4800000, 0x00000000e0000000)
  object space 73728K, 10% used [0x00000000a0000000,0x00000000a07ae7a0,0x00000000a4800000)
 Metaspace       used 27634K, capacity 28088K, committed 28288K, reserved 1073152K
  class space    used 3767K, capacity 3937K, committed 3968K, reserved 1048576K
}
Event: 12.004 GC heap before
{Heap before GC invocations=8 (full 1):
 PSYoungGen      total 90624K, used 90379K [0x00000000e0000000, 0x00000000e7280000, 0x0000000100000000)
  eden space 83456K, 100% used [0x00000000e0000000,0x00000000e5180000,0x00000000e5180000)
  from space 7168K, 96% used [0x00000000e6b80000,0x00000000e7242c28,0x00000000e7280000)
  to   space 11264K, 0% used [0x00000000e5c80000,0x00000000e5c80000,0x00000000e6780000)
 ParOldGen       total 73728K, used 7865K [0x00000000a0000000, 0x00000000a4800000, 0x00000000e0000000)
  object space 73728K, 10% used [0x00000000a0000000,0x00000000a07ae7a0,0x00000000a4800000)
 Metaspace       used 32182K, capacity 32782K, committed 33152K, reserved 1077248K
  class space    used 4409K, capacity 4624K, committed 4736K, reserved 1048576K
Event: 12.045 GC heap after
Heap after GC invocations=8 (full 1):
 PSYoungGen      total 105984K, used 9590K [0x00000000e0000000, 0x00000000ea100000, 0x0000000100000000)
  eden space 94720K, 0% used [0x00000000e0000000,0x00000000e0000000,0x00000000e5c80000)
  from space 11264K, 85% used [0x00000000e5c80000,0x00000000e65dd8a0,0x00000000e6780000)
  to   space 11776K, 0% used [0x00000000e9580000,0x00000000e9580000,0x00000000ea100000)
 ParOldGen       total 73728K, used 7873K [0x00000000a0000000, 0x00000000a4800000, 0x00000000e0000000)
  object space 73728K, 10% used [0x00000000a0000000,0x00000000a07b07a0,0x00000000a4800000)
 Metaspace       used 32182K, capacity 32782K, committed 33152K, reserved 1077248K
  class space    used 4409K, capacity 4624K, committed 4736K, reserved 1048576K
}
Event: 14.262 GC heap before
{Heap before GC invocations=9 (full 1):
 PSYoungGen      total 105984K, used 70128K [0x00000000e0000000, 0x00000000ea100000, 0x0000000100000000)
  eden space 94720K, 63% used [0x00000000e0000000,0x00000000e3b1e760,0x00000000e5c80000)
  from space 11264K, 85% used [0x00000000e5c80000,0x00000000e65dd8a0,0x00000000e6780000)
  to   space 11776K, 0% used [0x00000000e9580000,0x00000000e9580000,0x00000000ea100000)
 ParOldGen       total 73728K, used 7873K [0x00000000a0000000, 0x00000000a4800000, 0x00000000e0000000)
  object space 73728K, 10% used [0x00000000a0000000,0x00000000a07b07a0,0x00000000a4800000)
 Metaspace       used 34595K, capacity 35354K, committed 35456K, reserved 1079296K
  class space    used 4744K, capacity 4958K, committed 4992K, reserved 1048576K
Event: 14.300 GC heap after
Heap after GC invocations=9 (full 1):
 PSYoungGen      total 152064K, used 11373K [0x00000000e0000000, 0x00000000eb500000, 0x0000000100000000)
  eden space 140288K, 0% used [0x00000000e0000000,0x00000000e0000000,0x00000000e8900000)
  from space 11776K, 96% used [0x00000000e9580000,0x00000000ea09b788,0x00000000ea100000)
  to   space 12800K, 0% used [0x00000000e8900000,0x00000000e8900000,0x00000000e9580000)
 ParOldGen       total 73728K, used 7881K [0x00000000a0000000, 0x00000000a4800000, 0x00000000e0000000)
  object space 73728K, 10% used [0x00000000a0000000,0x00000000a07b27a0,0x00000000a4800000)
 Metaspace       used 34595K, capacity 35354K, committed 35456K, reserved 1079296K
  class space    used 4744K, capacity 4958K, committed 4992K, reserved 1048576K
}
Event: 14.300 GC heap before
{Heap before GC invocations=10 (full 2):
 PSYoungGen      total 152064K, used 11373K [0x00000000e0000000, 0x00000000eb500000, 0x0000000100000000)
  eden space 140288K, 0% used [0x00000000e0000000,0x00000000e0000000,0x00000000e8900000)
  from space 11776K, 96% used [0x00000000e9580000,0x00000000ea09b788,0x00000000ea100000)
  to   space 12800K, 0% used [0x00000000e8900000,0x00000000e8900000,0x00000000e9580000)
 ParOldGen       total 73728K, used 7881K [0x00000000a0000000, 0x00000000a4800000, 0x00000000e0000000)
  object space 73728K, 10% used [0x00000000a0000000,0x00000000a07b27a0,0x00000000a4800000)
 Metaspace       used 34595K, capacity 35354K, committed 35456K, reserved 1079296K
  class space    used 4744K, capacity 4958K, committed 4992K, reserved 1048576K
Event: 14.673 GC heap after
Heap after GC invocations=10 (full 2):
 PSYoungGen      total 152064K, used 0K [0x00000000e0000000, 0x00000000eb500000, 0x0000000100000000)
  eden space 140288K, 0% used [0x00000000e0000000,0x00000000e0000000,0x00000000e8900000)
  from space 11776K, 0% used [0x00000000e9580000,0x00000000e9580000,0x00000000ea100000)
  to   space 12800K, 0% used [0x00000000e8900000,0x00000000e8900000,0x00000000e9580000)
 ParOldGen       total 124928K, used 18019K [0x00000000a0000000, 0x00000000a7a00000, 0x00000000e0000000)
  object space 124928K, 14% used [0x00000000a0000000,0x00000000a1198ef0,0x00000000a7a00000)
 Metaspace       used 34595K, capacity 35354K, committed 35456K, reserved 1079296K
  class space    used 4744K, capacity 4958K, committed 4992K, reserved 1048576K
}
Event: 21.015 GC heap before
{Heap before GC invocations=11 (full 2):
 PSYoungGen      total 152064K, used 140288K [0x00000000e0000000, 0x00000000eb500000, 0x0000000100000000)
  eden space 140288K, 100% used [0x00000000e0000000,0x00000000e8900000,0x00000000e8900000)
  from space 11776K, 0% used [0x00000000e9580000,0x00000000e9580000,0x00000000ea100000)
  to   space 12800K, 0% used [0x00000000e8900000,0x00000000e8900000,0x00000000e9580000)
 ParOldGen       total 124928K, used 18019K [0x00000000a0000000, 0x00000000a7a00000, 0x00000000e0000000)
  object space 124928K, 14% used [0x00000000a0000000,0x00000000a1198ef0,0x00000000a7a00000)
 Metaspace       used 47936K, capacity 49166K, committed 49280K, reserved 1091584K
  class space    used 6414K, capacity 6742K, committed 6784K, reserved 1048576K
Event: 21.084 GC heap after
Heap after GC invocations=11 (full 2):
 PSYoungGen      total 153088K, used 12790K [0x00000000e0000000, 0x00000000ec400000, 0x0000000100000000)
  eden space 140288K, 0% used [0x00000000e0000000,0x00000000e0000000,0x00000000e8900000)
  from space 12800K, 99% used [0x00000000e8900000,0x00000000e957daf0,0x00000000e9580000)
  to   space 16384K, 0% used [0x00000000eb400000,0x00000000eb400000,0x00000000ec400000)
 ParOldGen       total 124928K, used 22821K [0x00000000a0000000, 0x00000000a7a00000, 0x00000000e0000000)
  object space 124928K, 18% used [0x00000000a0000000,0x00000000a1649400,0x00000000a7a00000)
 Metaspace       used 47936K, capacity 49166K, committed 49280K, reserved 1091584K
  class space    used 6414K, capacity 6742K, committed 6784K, reserved 1048576K
}

